Collecting kedro-viz
  Downloading kedro_viz-3.12.0-py3-none-any.whl (3.0 MB)
Collecting aiofiles==0.6.0
  Downloading aiofiles-0.6.0-py3-none-any.whl (11 kB)
Requirement already satisfied: kedro>=0.16.0 in /usr/local/lib/python3.7/site-packages (from kedro-viz) (0.17.3)
Requirement already satisfied: ipython<8.0,>=7.0.0 in /usr/local/lib/python3.7/site-packages (from kedro-viz) (7.24.1)
Collecting fastapi<1.0,>=0.63.0
  Downloading fastapi-0.65.2-py3-none-any.whl (51 kB)
Collecting semver~=2.10
  Downloading semver-2.13.0-py2.py3-none-any.whl (12 kB)
Collecting uvicorn~=0.13.4
  Downloading uvicorn-0.13.4-py3-none-any.whl (46 kB)
Collecting pydantic!=1.7,!=1.7.1,!=1.7.2,!=1.7.3,!=1.8,!=1.8.1,<2.0.0,>=1.6.2
  Downloading pydantic-1.8.2-cp37-cp37m-manylinux2014_x86_64.whl (10.1 MB)
Collecting starlette==0.14.2
  Downloading starlette-0.14.2-py3-none-any.whl (60 kB)
Requirement already satisfied: pickleshare in /usr/local/lib/python3.7/site-packages (from ipython<8.0,>=7.0.0->kedro-viz) (0.7.5)
Requirement already satisfied: matplotlib-inline in /usr/local/lib/python3.7/site-packages (from ipython<8.0,>=7.0.0->kedro-viz) (0.1.2)
Requirement already satisfied: jedi>=0.16 in /usr/local/lib/python3.7/site-packages (from ipython<8.0,>=7.0.0->kedro-viz) (0.18.0)
Requirement already satisfied: prompt-toolkit!=3.0.0,!=3.0.1,<3.1.0,>=2.0.0 in /usr/local/lib/python3.7/site-packages (from ipython<8.0,>=7.0.0->kedro-viz) (3.0.18)
Requirement already satisfied: decorator in /usr/local/lib/python3.7/site-packages (from ipython<8.0,>=7.0.0->kedro-viz) (5.0.9)
Requirement already satisfied: backcall in /usr/local/lib/python3.7/site-packages (from ipython<8.0,>=7.0.0->kedro-viz) (0.2.0)
Requirement already satisfied: pygments in /usr/local/lib/python3.7/site-packages (from ipython<8.0,>=7.0.0->kedro-viz) (2.9.0)
Requirement already satisfied: traitlets>=4.2 in /usr/local/lib/python3.7/site-packages (from ipython<8.0,>=7.0.0->kedro-viz) (5.0.5)
Requirement already satisfied: setuptools>=18.5 in /usr/local/lib/python3.7/site-packages (from ipython<8.0,>=7.0.0->kedro-viz) (57.0.0)
Requirement already satisfied: pexpect>4.3 in /usr/local/lib/python3.7/site-packages (from ipython<8.0,>=7.0.0->kedro-viz) (4.8.0)
Requirement already satisfied: parso<0.9.0,>=0.8.0 in /usr/local/lib/python3.7/site-packages (from jedi>=0.16->ipython<8.0,>=7.0.0->kedro-viz) (0.8.2)
Requirement already satisfied: click<8.0 in /usr/local/lib/python3.7/site-packages (from kedro>=0.16.0->kedro-viz) (7.1.2)
Requirement already satisfied: jmespath<1.0,>=0.9.5 in /usr/local/lib/python3.7/site-packages (from kedro>=0.16.0->kedro-viz) (0.10.0)
Requirement already satisfied: cachetools~=4.1 in /usr/local/lib/python3.7/site-packages (from kedro>=0.16.0->kedro-viz) (4.2.2)
Requirement already satisfied: cookiecutter~=1.7.0 in /usr/local/lib/python3.7/site-packages (from kedro>=0.16.0->kedro-viz) (1.7.3)
Requirement already satisfied: pip-tools~=5.0 in /usr/local/lib/python3.7/site-packages (from kedro>=0.16.0->kedro-viz) (5.5.0)
Requirement already satisfied: PyYAML<6.0,>=4.2 in /usr/local/lib/python3.7/site-packages (from kedro>=0.16.0->kedro-viz) (5.4.1)
Requirement already satisfied: gitpython~=3.0 in /usr/local/lib/python3.7/site-packages (from kedro>=0.16.0->kedro-viz) (3.1.17)
Requirement already satisfied: pluggy~=0.13.0 in /usr/local/lib/python3.7/site-packages (from kedro>=0.16.0->kedro-viz) (0.13.1)
Requirement already satisfied: toml~=0.10 in /usr/local/lib/python3.7/site-packages (from kedro>=0.16.0->kedro-viz) (0.10.2)
Requirement already satisfied: toposort~=1.5 in /usr/local/lib/python3.7/site-packages (from kedro>=0.16.0->kedro-viz) (1.6)
Requirement already satisfied: dynaconf~=3.1.2 in /usr/local/lib/python3.7/site-packages (from kedro>=0.16.0->kedro-viz) (3.1.4)
Requirement already satisfied: fsspec<0.9,>=0.5.1 in /usr/local/lib/python3.7/site-packages (from kedro>=0.16.0->kedro-viz) (0.8.7)
Requirement already satisfied: python-json-logger~=0.1.9 in /usr/local/lib/python3.7/site-packages (from kedro>=0.16.0->kedro-viz) (0.1.11)
Requirement already satisfied: anyconfig~=0.10.0 in /usr/local/lib/python3.7/site-packages (from kedro>=0.16.0->kedro-viz) (0.10.1)
Requirement already satisfied: jupyter-client<7.0,>=5.1 in /usr/local/lib/python3.7/site-packages (from kedro>=0.16.0->kedro-viz) (6.1.12)
Requirement already satisfied: binaryornot>=0.4.4 in /usr/local/lib/python3.7/site-packages (from cookiecutter~=1.7.0->kedro>=0.16.0->kedro-viz) (0.4.4)
Requirement already satisfied: poyo>=0.5.0 in /usr/local/lib/python3.7/site-packages (from cookiecutter~=1.7.0->kedro>=0.16.0->kedro-viz) (0.5.0)
Requirement already satisfied: six>=1.10 in /usr/local/lib/python3.7/site-packages (from cookiecutter~=1.7.0->kedro>=0.16.0->kedro-viz) (1.16.0)
Requirement already satisfied: python-slugify>=4.0.0 in /usr/local/lib/python3.7/site-packages (from cookiecutter~=1.7.0->kedro>=0.16.0->kedro-viz) (5.0.2)
Requirement already satisfied: requests>=2.23.0 in /usr/local/lib/python3.7/site-packages (from cookiecutter~=1.7.0->kedro>=0.16.0->kedro-viz) (2.25.1)
Requirement already satisfied: jinja2-time>=0.2.0 in /usr/local/lib/python3.7/site-packages (from cookiecutter~=1.7.0->kedro>=0.16.0->kedro-viz) (0.2.0)
Requirement already satisfied: Jinja2<4.0.0,>=2.7 in /usr/local/lib/python3.7/site-packages (from cookiecutter~=1.7.0->kedro>=0.16.0->kedro-viz) (3.0.1)
Requirement already satisfied: chardet>=3.0.2 in /usr/local/lib/python3.7/site-packages (from binaryornot>=0.4.4->cookiecutter~=1.7.0->kedro>=0.16.0->kedro-viz) (4.0.0)
Requirement already satisfied: importlib-metadata in /usr/local/lib/python3.7/site-packages (from fsspec<0.9,>=0.5.1->kedro>=0.16.0->kedro-viz) (4.5.0)
Requirement already satisfied: gitdb<5,>=4.0.1 in /usr/local/lib/python3.7/site-packages (from gitpython~=3.0->kedro>=0.16.0->kedro-viz) (4.0.7)
Requirement already satisfied: typing-extensions>=3.7.4.0 in /usr/local/lib/python3.7/site-packages (from gitpython~=3.0->kedro>=0.16.0->kedro-viz) (3.10.0.0)
Requirement already satisfied: smmap<5,>=3.0.1 in /usr/local/lib/python3.7/site-packages (from gitdb<5,>=4.0.1->gitpython~=3.0->kedro>=0.16.0->kedro-viz) (4.0.0)
Requirement already satisfied: MarkupSafe>=2.0 in /usr/local/lib/python3.7/site-packages (from Jinja2<4.0.0,>=2.7->cookiecutter~=1.7.0->kedro>=0.16.0->kedro-viz) (2.0.1)
Requirement already satisfied: arrow in /usr/local/lib/python3.7/site-packages (from jinja2-time>=0.2.0->cookiecutter~=1.7.0->kedro>=0.16.0->kedro-viz) (1.1.0)
Requirement already satisfied: tornado>=4.1 in /usr/local/lib/python3.7/site-packages (from jupyter-client<7.0,>=5.1->kedro>=0.16.0->kedro-viz) (6.1)
Requirement already satisfied: python-dateutil>=2.1 in /usr/local/lib/python3.7/site-packages (from jupyter-client<7.0,>=5.1->kedro>=0.16.0->kedro-viz) (2.8.1)
Requirement already satisfied: jupyter-core>=4.6.0 in /usr/local/lib/python3.7/site-packages (from jupyter-client<7.0,>=5.1->kedro>=0.16.0->kedro-viz) (4.7.1)
Requirement already satisfied: pyzmq>=13 in /usr/local/lib/python3.7/site-packages (from jupyter-client<7.0,>=5.1->kedro>=0.16.0->kedro-viz) (22.1.0)
Requirement already satisfied: ptyprocess>=0.5 in /usr/local/lib/python3.7/site-packages (from pexpect>4.3->ipython<8.0,>=7.0.0->kedro-viz) (0.7.0)
Requirement already satisfied: pip>=20.1 in /usr/local/lib/python3.7/site-packages (from pip-tools~=5.0->kedro>=0.16.0->kedro-viz) (21.1.2)
Requirement already satisfied: zipp>=0.5 in /usr/local/lib/python3.7/site-packages (from importlib-metadata->fsspec<0.9,>=0.5.1->kedro>=0.16.0->kedro-viz) (3.4.1)
Requirement already satisfied: wcwidth in /usr/local/lib/python3.7/site-packages (from prompt-toolkit!=3.0.0,!=3.0.1,<3.1.0,>=2.0.0->ipython<8.0,>=7.0.0->kedro-viz) (0.2.5)
Requirement already satisfied: text-unidecode>=1.3 in /usr/local/lib/python3.7/site-packages (from python-slugify>=4.0.0->cookiecutter~=1.7.0->kedro>=0.16.0->kedro-viz) (1.3)
Requirement already satisfied: urllib3<1.27,>=1.21.1 in /usr/local/lib/python3.7/site-packages (from requests>=2.23.0->cookiecutter~=1.7.0->kedro>=0.16.0->kedro-viz) (1.26.5)
Requirement already satisfied: idna<3,>=2.5 in /usr/local/lib/python3.7/site-packages (from requests>=2.23.0->cookiecutter~=1.7.0->kedro>=0.16.0->kedro-viz) (2.10)
Requirement already satisfied: certifi>=2017.4.17 in /usr/local/lib/python3.7/site-packages (from requests>=2.23.0->cookiecutter~=1.7.0->kedro>=0.16.0->kedro-viz) (2021.5.30)
Requirement already satisfied: ipython-genutils in /usr/local/lib/python3.7/site-packages (from traitlets>=4.2->ipython<8.0,>=7.0.0->kedro-viz) (0.2.0)
Collecting h11>=0.8
  Downloading h11-0.12.0-py3-none-any.whl (54 kB)
Installing collected packages: starlette, pydantic, h11, uvicorn, semver, fastapi, aiofiles, kedro-viz
Successfully installed aiofiles-0.6.0 fastapi-0.65.2 h11-0.12.0 kedro-viz-3.12.0 pydantic-1.8.2 semver-2.13.0 starlette-0.14.2 uvicorn-0.13.4
WARNING: Running pip as root will break packages and permissions. You should install packages reliably by using venv: https://pip.pypa.io/warnings/venv
Collecting kedro-static-viz
  Downloading kedro_static_viz-0.4.4-py3-none-any.whl (572 kB)
Requirement already satisfied: toposort in /usr/local/lib/python3.7/site-packages (from kedro-static-viz) (1.6)
Requirement already satisfied: semver in /usr/local/lib/python3.7/site-packages (from kedro-static-viz) (2.13.0)
Collecting flask
  Downloading Flask-2.0.1-py3-none-any.whl (94 kB)
Requirement already satisfied: click in /usr/local/lib/python3.7/site-packages (from kedro-static-viz) (7.1.2)
Requirement already satisfied: kedro in /usr/local/lib/python3.7/site-packages (from kedro-static-viz) (0.17.3)
Requirement already satisfied: IPython in /usr/local/lib/python3.7/site-packages (from kedro-static-viz) (7.24.1)
Requirement already satisfied: kedro-viz in /usr/local/lib/python3.7/site-packages (from kedro-static-viz) (3.12.0)
Collecting Werkzeug>=2.0
  Downloading Werkzeug-2.0.1-py3-none-any.whl (288 kB)
Collecting itsdangerous>=2.0
  Downloading itsdangerous-2.0.1-py3-none-any.whl (18 kB)
Requirement already satisfied: Jinja2>=3.0 in /usr/local/lib/python3.7/site-packages (from flask->kedro-static-viz) (3.0.1)
Requirement already satisfied: MarkupSafe>=2.0 in /usr/local/lib/python3.7/site-packages (from Jinja2>=3.0->flask->kedro-static-viz) (2.0.1)
Requirement already satisfied: pexpect>4.3 in /usr/local/lib/python3.7/site-packages (from IPython->kedro-static-viz) (4.8.0)
Requirement already satisfied: jedi>=0.16 in /usr/local/lib/python3.7/site-packages (from IPython->kedro-static-viz) (0.18.0)
Requirement already satisfied: decorator in /usr/local/lib/python3.7/site-packages (from IPython->kedro-static-viz) (5.0.9)
Requirement already satisfied: traitlets>=4.2 in /usr/local/lib/python3.7/site-packages (from IPython->kedro-static-viz) (5.0.5)
Requirement already satisfied: prompt-toolkit!=3.0.0,!=3.0.1,<3.1.0,>=2.0.0 in /usr/local/lib/python3.7/site-packages (from IPython->kedro-static-viz) (3.0.18)
Requirement already satisfied: backcall in /usr/local/lib/python3.7/site-packages (from IPython->kedro-static-viz) (0.2.0)
Requirement already satisfied: matplotlib-inline in /usr/local/lib/python3.7/site-packages (from IPython->kedro-static-viz) (0.1.2)
Requirement already satisfied: setuptools>=18.5 in /usr/local/lib/python3.7/site-packages (from IPython->kedro-static-viz) (57.0.0)
Requirement already satisfied: pickleshare in /usr/local/lib/python3.7/site-packages (from IPython->kedro-static-viz) (0.7.5)
Requirement already satisfied: pygments in /usr/local/lib/python3.7/site-packages (from IPython->kedro-static-viz) (2.9.0)
Requirement already satisfied: parso<0.9.0,>=0.8.0 in /usr/local/lib/python3.7/site-packages (from jedi>=0.16->IPython->kedro-static-viz) (0.8.2)
Requirement already satisfied: ptyprocess>=0.5 in /usr/local/lib/python3.7/site-packages (from pexpect>4.3->IPython->kedro-static-viz) (0.7.0)
Requirement already satisfied: wcwidth in /usr/local/lib/python3.7/site-packages (from prompt-toolkit!=3.0.0,!=3.0.1,<3.1.0,>=2.0.0->IPython->kedro-static-viz) (0.2.5)
Requirement already satisfied: ipython-genutils in /usr/local/lib/python3.7/site-packages (from traitlets>=4.2->IPython->kedro-static-viz) (0.2.0)
Requirement already satisfied: jupyter-client<7.0,>=5.1 in /usr/local/lib/python3.7/site-packages (from kedro->kedro-static-viz) (6.1.12)
Requirement already satisfied: pip-tools~=5.0 in /usr/local/lib/python3.7/site-packages (from kedro->kedro-static-viz) (5.5.0)
Requirement already satisfied: cookiecutter~=1.7.0 in /usr/local/lib/python3.7/site-packages (from kedro->kedro-static-viz) (1.7.3)
Requirement already satisfied: python-json-logger~=0.1.9 in /usr/local/lib/python3.7/site-packages (from kedro->kedro-static-viz) (0.1.11)
Requirement already satisfied: toml~=0.10 in /usr/local/lib/python3.7/site-packages (from kedro->kedro-static-viz) (0.10.2)
Requirement already satisfied: anyconfig~=0.10.0 in /usr/local/lib/python3.7/site-packages (from kedro->kedro-static-viz) (0.10.1)
Requirement already satisfied: fsspec<0.9,>=0.5.1 in /usr/local/lib/python3.7/site-packages (from kedro->kedro-static-viz) (0.8.7)
Requirement already satisfied: PyYAML<6.0,>=4.2 in /usr/local/lib/python3.7/site-packages (from kedro->kedro-static-viz) (5.4.1)
Requirement already satisfied: gitpython~=3.0 in /usr/local/lib/python3.7/site-packages (from kedro->kedro-static-viz) (3.1.17)
Requirement already satisfied: cachetools~=4.1 in /usr/local/lib/python3.7/site-packages (from kedro->kedro-static-viz) (4.2.2)
Requirement already satisfied: dynaconf~=3.1.2 in /usr/local/lib/python3.7/site-packages (from kedro->kedro-static-viz) (3.1.4)
Requirement already satisfied: pluggy~=0.13.0 in /usr/local/lib/python3.7/site-packages (from kedro->kedro-static-viz) (0.13.1)
Requirement already satisfied: jmespath<1.0,>=0.9.5 in /usr/local/lib/python3.7/site-packages (from kedro->kedro-static-viz) (0.10.0)
Requirement already satisfied: binaryornot>=0.4.4 in /usr/local/lib/python3.7/site-packages (from cookiecutter~=1.7.0->kedro->kedro-static-viz) (0.4.4)
Requirement already satisfied: requests>=2.23.0 in /usr/local/lib/python3.7/site-packages (from cookiecutter~=1.7.0->kedro->kedro-static-viz) (2.25.1)
Requirement already satisfied: jinja2-time>=0.2.0 in /usr/local/lib/python3.7/site-packages (from cookiecutter~=1.7.0->kedro->kedro-static-viz) (0.2.0)
Requirement already satisfied: python-slugify>=4.0.0 in /usr/local/lib/python3.7/site-packages (from cookiecutter~=1.7.0->kedro->kedro-static-viz) (5.0.2)
Requirement already satisfied: six>=1.10 in /usr/local/lib/python3.7/site-packages (from cookiecutter~=1.7.0->kedro->kedro-static-viz) (1.16.0)
Requirement already satisfied: poyo>=0.5.0 in /usr/local/lib/python3.7/site-packages (from cookiecutter~=1.7.0->kedro->kedro-static-viz) (0.5.0)
Requirement already satisfied: chardet>=3.0.2 in /usr/local/lib/python3.7/site-packages (from binaryornot>=0.4.4->cookiecutter~=1.7.0->kedro->kedro-static-viz) (4.0.0)
Requirement already satisfied: importlib-metadata in /usr/local/lib/python3.7/site-packages (from fsspec<0.9,>=0.5.1->kedro->kedro-static-viz) (4.5.0)
Requirement already satisfied: typing-extensions>=3.7.4.0 in /usr/local/lib/python3.7/site-packages (from gitpython~=3.0->kedro->kedro-static-viz) (3.10.0.0)
Requirement already satisfied: gitdb<5,>=4.0.1 in /usr/local/lib/python3.7/site-packages (from gitpython~=3.0->kedro->kedro-static-viz) (4.0.7)
Requirement already satisfied: smmap<5,>=3.0.1 in /usr/local/lib/python3.7/site-packages (from gitdb<5,>=4.0.1->gitpython~=3.0->kedro->kedro-static-viz) (4.0.0)
Requirement already satisfied: arrow in /usr/local/lib/python3.7/site-packages (from jinja2-time>=0.2.0->cookiecutter~=1.7.0->kedro->kedro-static-viz) (1.1.0)
Requirement already satisfied: python-dateutil>=2.1 in /usr/local/lib/python3.7/site-packages (from jupyter-client<7.0,>=5.1->kedro->kedro-static-viz) (2.8.1)
Requirement already satisfied: tornado>=4.1 in /usr/local/lib/python3.7/site-packages (from jupyter-client<7.0,>=5.1->kedro->kedro-static-viz) (6.1)
Requirement already satisfied: pyzmq>=13 in /usr/local/lib/python3.7/site-packages (from jupyter-client<7.0,>=5.1->kedro->kedro-static-viz) (22.1.0)
Requirement already satisfied: jupyter-core>=4.6.0 in /usr/local/lib/python3.7/site-packages (from jupyter-client<7.0,>=5.1->kedro->kedro-static-viz) (4.7.1)
Requirement already satisfied: pip>=20.1 in /usr/local/lib/python3.7/site-packages (from pip-tools~=5.0->kedro->kedro-static-viz) (21.1.2)
Requirement already satisfied: zipp>=0.5 in /usr/local/lib/python3.7/site-packages (from importlib-metadata->fsspec<0.9,>=0.5.1->kedro->kedro-static-viz) (3.4.1)
Requirement already satisfied: text-unidecode>=1.3 in /usr/local/lib/python3.7/site-packages (from python-slugify>=4.0.0->cookiecutter~=1.7.0->kedro->kedro-static-viz) (1.3)
Requirement already satisfied: idna<3,>=2.5 in /usr/local/lib/python3.7/site-packages (from requests>=2.23.0->cookiecutter~=1.7.0->kedro->kedro-static-viz) (2.10)
Requirement already satisfied: certifi>=2017.4.17 in /usr/local/lib/python3.7/site-packages (from requests>=2.23.0->cookiecutter~=1.7.0->kedro->kedro-static-viz) (2021.5.30)
Requirement already satisfied: urllib3<1.27,>=1.21.1 in /usr/local/lib/python3.7/site-packages (from requests>=2.23.0->cookiecutter~=1.7.0->kedro->kedro-static-viz) (1.26.5)
Requirement already satisfied: uvicorn~=0.13.4 in /usr/local/lib/python3.7/site-packages (from kedro-viz->kedro-static-viz) (0.13.4)
Requirement already satisfied: fastapi<1.0,>=0.63.0 in /usr/local/lib/python3.7/site-packages (from kedro-viz->kedro-static-viz) (0.65.2)
Requirement already satisfied: aiofiles==0.6.0 in /usr/local/lib/python3.7/site-packages (from kedro-viz->kedro-static-viz) (0.6.0)
Requirement already satisfied: pydantic!=1.7,!=1.7.1,!=1.7.2,!=1.7.3,!=1.8,!=1.8.1,<2.0.0,>=1.6.2 in /usr/local/lib/python3.7/site-packages (from fastapi<1.0,>=0.63.0->kedro-viz->kedro-static-viz) (1.8.2)
Requirement already satisfied: starlette==0.14.2 in /usr/local/lib/python3.7/site-packages (from fastapi<1.0,>=0.63.0->kedro-viz->kedro-static-viz) (0.14.2)
Requirement already satisfied: h11>=0.8 in /usr/local/lib/python3.7/site-packages (from uvicorn~=0.13.4->kedro-viz->kedro-static-viz) (0.12.0)
Installing collected packages: Werkzeug, itsdangerous, flask, kedro-static-viz
Successfully installed Werkzeug-2.0.1 flask-2.0.1 itsdangerous-2.0.1 kedro-static-viz-0.4.4
WARNING: Running pip as root will break packages and permissions. You should install packages reliably by using venv: https://pip.pypa.io/warnings/venv
Traceback (most recent call last):
  File "/usr/local/lib/python3.7/site-packages/kedro/framework/cli/utils.py", line 380, in load_entry_points
    entry_point_commands.append(entry_point.load())
  File "/usr/local/lib/python3.7/site-packages/pkg_resources/__init__.py", line 2450, in load
    return self.resolve()
  File "/usr/local/lib/python3.7/site-packages/pkg_resources/__init__.py", line 2456, in resolve
    module = __import__(self.module_name, fromlist=['__name__'], level=0)
  File "/usr/local/lib/python3.7/site-packages/kedro_static_viz/__init__.py", line 6, in <module>
    from .cli import cli
  File "/usr/local/lib/python3.7/site-packages/kedro_static_viz/cli.py", line 6, in <module>
    from .core import static_viz as _static_viz
  File "/usr/local/lib/python3.7/site-packages/kedro_static_viz/core.py", line 17, in <module>
    from .vendored import _call_viz
  File "/usr/local/lib/python3.7/site-packages/kedro_static_viz/vendored.py", line 30, in <module>
    from kedro_viz.utils import wait_for
ModuleNotFoundError: No module named 'kedro_viz.utils'

The above exception was the direct cause of the following exception:

Traceback (most recent call last):
  File "/usr/local/bin/kedro", line 8, in <module>
    sys.exit(main())
  File "/usr/local/lib/python3.7/site-packages/kedro/framework/cli/cli.py", line 268, in main
    cli_collection = KedroCLI(project_path=Path.cwd())
  File "/usr/local/lib/python3.7/site-packages/kedro/framework/cli/cli.py", line 185, in __init__
    ("Global commands", self.global_groups),
  File "/usr/local/lib/python3.7/site-packages/kedro/framework/cli/cli.py", line 223, in global_groups
    return [cli, create_cli, *load_entry_points("global")]
  File "/usr/local/lib/python3.7/site-packages/kedro/framework/cli/utils.py", line 382, in load_entry_points
    raise KedroCliError(f"Loading {name} commands from {entry_point}") from exc
kedro.framework.cli.utils.KedroCliError: Loading global commands from kedro-static-viz = kedro_static_viz.cli:cli
